<?xml version="1.0" encoding="UTF-8"?>
<!-- Generated by org.testng.reporters.JUnitReportReporter -->
<testsuite skipped="0" hostname="LAPTOP-F6EOHCUB" name="test.ValidateAllMonthsPresence" tests="1" failures="0" timestamp="2021-03-16T02:59:38 CDT" time="5.818" errors="0">
  <testcase name="validateAllMonthsPresence" time="5.818" classname="test.ValidateAllMonthsPresence"/>
  <system-out/>
</testsuite> <!-- test.ValidateAllMonthsPresence -->
