<?xml version="1.0" encoding="UTF-8"?>
<!-- Generated by org.testng.reporters.JUnitReportReporter -->
<testsuite skipped="0" hostname="LAPTOP-F6EOHCUB" name="test.LoginTest" tests="1" failures="0" timestamp="16 Mar 2021 00:21:39 GMT" time="7.909" errors="0">
  <testcase name="loginTest" time="7.909" classname="test.LoginTest"/>
</testsuite> <!-- test.LoginTest -->
