<?xml version="1.0" encoding="UTF-8"?>
<!-- Generated by org.testng.reporters.JUnitReportReporter -->
<testsuite skipped="0" hostname="LAPTOP-F6EOHCUB" name="test.ToDoTest" tests="1" failures="0" timestamp="2021-03-16T13:01:51 CDT" time="3.668" errors="0">
  <testcase name="UserShouldBeAbleToAddCategory" time="3.668" classname="test.ToDoTest"/>
  <system-out/>
</testsuite> <!-- test.ToDoTest -->
